{
  "stats": {
    "suites": 4,
    "tests": 3,
    "passes": 3,
    "pending": 0,
    "failures": 0,
    "start": "2025-10-03T21:12:06.687Z",
    "end": "2025-10-03T21:12:06.734Z",
    "duration": 47,
    "testsRegistered": 3,
    "passPercent": 100,
    "pendingPercent": 0,
    "other": 0,
    "hasOther": false,
    "skipped": 0,
    "hasSkipped": false
  },
  "results": [
    {
      "uuid": "aaaf6c34-7c6b-4190-a8f1-b79157d0ebd1",
      "title": "",
      "fullFile": "",
      "file": "",
      "beforeHooks": [],
      "afterHooks": [],
      "tests": [],
      "suites": [
        {
          "uuid": "d195b09f-cce6-4a76-907c-6044e3cc641c",
          "title": "Login",
          "fullFile": "/Users/joaoportella/Documents/julio_de_Lima/projetos/banco-api-test/test/login.test.js",
          "file": "/test/login.test.js",
          "beforeHooks": [],
          "afterHooks": [],
          "tests": [],
          "suites": [
            {
              "uuid": "1d3b37bc-b7b6-4079-b4de-fb5061150617",
              "title": "POST /Login",
              "fullFile": "/Users/joaoportella/Documents/julio_de_Lima/projetos/banco-api-test/test/login.test.js",
              "file": "/test/login.test.js",
              "beforeHooks": [],
              "afterHooks": [],
              "tests": [
                {
                  "title": "Deve retornar status 200 com o token do tipo string ",
                  "fullTitle": "Login POST /Login Deve retornar status 200 com o token do tipo string ",
                  "timedOut": false,
                  "duration": 23,
                  "state": "passed",
                  "speed": "fast",
                  "pass": true,
                  "fail": false,
                  "pending": false,
                  "context": null,
                  "code": "const response = await request(\"http://localhost:3000\")\n  .post(\"/login\")\n  .set(\"Content-Type\", \"application/json\")\n  .send({\n    username: \"julio.lima\",\n    senha: \"123456\",\n  });\nexpect(response.status).to.equal(200);\nexpect(response.body.token).to.be.a(\"string\");",
                  "err": {},
                  "uuid": "92f2a17a-fdc6-4e3a-aec5-4a7931f69b12",
                  "parentUUID": "1d3b37bc-b7b6-4079-b4de-fb5061150617",
                  "isHook": false,
                  "skipped": false
                }
              ],
              "suites": [],
              "passes": [
                "92f2a17a-fdc6-4e3a-aec5-4a7931f69b12"
              ],
              "failures": [],
              "pending": [],
              "skipped": [],
              "duration": 23,
              "root": false,
              "rootEmpty": false,
              "_timeout": 200000
            }
          ],
          "passes": [],
          "failures": [],
          "pending": [],
          "skipped": [],
          "duration": 0,
          "root": false,
          "rootEmpty": false,
          "_timeout": 200000
        },
        {
          "uuid": "e3ebe298-ed67-4911-81bb-0d3dcb0e4510",
          "title": "Transferencia",
          "fullFile": "/Users/joaoportella/Documents/julio_de_Lima/projetos/banco-api-test/test/transferencia.test.js",
          "file": "/test/transferencia.test.js",
          "beforeHooks": [],
          "afterHooks": [],
          "tests": [],
          "suites": [
            {
              "uuid": "b030dec4-b1b3-4f03-a20b-d981dc95094f",
              "title": "POST /transferencia",
              "fullFile": "/Users/joaoportella/Documents/julio_de_Lima/projetos/banco-api-test/test/transferencia.test.js",
              "file": "/test/transferencia.test.js",
              "beforeHooks": [],
              "afterHooks": [],
              "tests": [
                {
                  "title": "Deve retornar status 200 após colocar um valor igual ou maior que R$10,00",
                  "fullTitle": "Transferencia POST /transferencia Deve retornar status 200 após colocar um valor igual ou maior que R$10,00",
                  "timedOut": false,
                  "duration": 18,
                  "state": "passed",
                  "speed": "fast",
                  "pass": true,
                  "fail": false,
                  "pending": false,
                  "context": null,
                  "code": "const responseLogin = await request(\"http://localhost:3000\")\n  .post(\"/login\")\n  .set(\"Content-Type\", \"application/json\")\n  .send({\n    username: \"julio.lima\",\n    senha: \"123456\",\n  });\nconst token = responseLogin.body.token;\nconst response = await request(\"http://localhost:3000\")\n  .post(\"/transferencias\")\n  .set(\"Content-Type\", \"application/json\")\n  .set(\"Authorization\", `Bearer ${token}`)\n  .send({\n    contaOrigem: 1,\n    contaDestino: 2,\n    valor: 10.0,\n    token: \"\",\n  });\nexpect(response.status).to.equal(201);\nconsole.log(response.body);",
                  "err": {},
                  "uuid": "778771bc-36b0-49b4-9a4c-670142a4d325",
                  "parentUUID": "b030dec4-b1b3-4f03-a20b-d981dc95094f",
                  "isHook": false,
                  "skipped": false
                },
                {
                  "title": "Deve retornar status 422 após colocar um valor menor que R$10,00",
                  "fullTitle": "Transferencia POST /transferencia Deve retornar status 422 após colocar um valor menor que R$10,00",
                  "timedOut": false,
                  "duration": 0,
                  "state": "passed",
                  "speed": "fast",
                  "pass": true,
                  "fail": false,
                  "pending": false,
                  "context": null,
                  "code": "",
                  "err": {},
                  "uuid": "4b074794-cf98-4384-a150-1121c8cee81a",
                  "parentUUID": "b030dec4-b1b3-4f03-a20b-d981dc95094f",
                  "isHook": false,
                  "skipped": false
                }
              ],
              "suites": [],
              "passes": [
                "778771bc-36b0-49b4-9a4c-670142a4d325",
                "4b074794-cf98-4384-a150-1121c8cee81a"
              ],
              "failures": [],
              "pending": [],
              "skipped": [],
              "duration": 18,
              "root": false,
              "rootEmpty": false,
              "_timeout": 200000
            }
          ],
          "passes": [],
          "failures": [],
          "pending": [],
          "skipped": [],
          "duration": 0,
          "root": false,
          "rootEmpty": false,
          "_timeout": 200000
        }
      ],
      "passes": [],
      "failures": [],
      "pending": [],
      "skipped": [],
      "duration": 0,
      "root": true,
      "rootEmpty": true,
      "_timeout": 200000
    }
  ],
  "meta": {
    "mocha": {
      "version": "11.7.3"
    },
    "mochawesome": {
      "options": {
        "quiet": false,
        "reportFilename": "mochawesome",
        "saveHtml": true,
        "saveJson": true,
        "consoleReporter": "spec",
        "useInlineDiffs": false,
        "code": true
      },
      "version": "7.1.4"
    },
    "marge": {
      "options": null,
      "version": "6.3.0"
    }
  }
}