{
  "stats": {
    "suites": 2,
    "tests": 1,
    "passes": 1,
    "pending": 0,
    "failures": 0,
    "start": "2025-10-03T19:13:27.252Z",
    "end": "2025-10-03T19:13:27.281Z",
    "duration": 29,
    "testsRegistered": 1,
    "passPercent": 100,
    "pendingPercent": 0,
    "other": 0,
    "hasOther": false,
    "skipped": 0,
    "hasSkipped": false
  },
  "results": [
    {
      "uuid": "8c061773-0ca7-4b0f-86d5-880bd16e1daa",
      "title": "",
      "fullFile": "/Users/joaoportella/Documents/julio_de_Lima/projetos/banco-api-test/test/login.test.js",
      "file": "/test/login.test.js",
      "beforeHooks": [],
      "afterHooks": [],
      "tests": [],
      "suites": [
        {
          "uuid": "3ea4362a-956b-43f3-b21a-9a981941b125",
          "title": "Login",
          "fullFile": "/Users/joaoportella/Documents/julio_de_Lima/projetos/banco-api-test/test/login.test.js",
          "file": "/test/login.test.js",
          "beforeHooks": [],
          "afterHooks": [],
          "tests": [],
          "suites": [
            {
              "uuid": "91b2a533-b101-4074-a11e-1320d3ea77ca",
              "title": "POST /Login",
              "fullFile": "/Users/joaoportella/Documents/julio_de_Lima/projetos/banco-api-test/test/login.test.js",
              "file": "/test/login.test.js",
              "beforeHooks": [],
              "afterHooks": [],
              "tests": [
                {
                  "title": "Deve retornar status 200 com o token do tipo string ",
                  "fullTitle": "Login POST /Login Deve retornar status 200 com o token do tipo string ",
                  "timedOut": false,
                  "duration": 25,
                  "state": "passed",
                  "speed": "fast",
                  "pass": true,
                  "fail": false,
                  "pending": false,
                  "context": null,
                  "code": "const response = await request(\"http://localhost:3000\")\n  .post(\"/login\")\n  .set(\"Content-Type\", \"application/json\")\n  .send({\n    username: \"julio.lima\",\n    senha: \"123456\",\n  });\nexpect(response.status).to.equal(200);\nexpect(response.body.token).to.be.a(\"string\");",
                  "err": {},
                  "uuid": "8199a63e-84a0-432b-8751-5534d22a021e",
                  "parentUUID": "91b2a533-b101-4074-a11e-1320d3ea77ca",
                  "isHook": false,
                  "skipped": false
                }
              ],
              "suites": [],
              "passes": [
                "8199a63e-84a0-432b-8751-5534d22a021e"
              ],
              "failures": [],
              "pending": [],
              "skipped": [],
              "duration": 25,
              "root": false,
              "rootEmpty": false,
              "_timeout": 200000
            }
          ],
          "passes": [],
          "failures": [],
          "pending": [],
          "skipped": [],
          "duration": 0,
          "root": false,
          "rootEmpty": false,
          "_timeout": 200000
        }
      ],
      "passes": [],
      "failures": [],
      "pending": [],
      "skipped": [],
      "duration": 0,
      "root": true,
      "rootEmpty": true,
      "_timeout": 200000
    }
  ],
  "meta": {
    "mocha": {
      "version": "11.7.3"
    },
    "mochawesome": {
      "options": {
        "quiet": false,
        "reportFilename": "mochawesome",
        "saveHtml": true,
        "saveJson": true,
        "consoleReporter": "spec",
        "useInlineDiffs": false,
        "code": true
      },
      "version": "7.1.4"
    },
    "marge": {
      "options": null,
      "version": "6.3.0"
    }
  }
}